<?xml version="1.0" encoding="UTF-8"?>
<testsuite xmlns:xsi="http://www.w3.org/2001/XMLSchema-instance" xsi:noNamespaceSchemaLocation="https://maven.apache.org/surefire/maven-surefire-plugin/xsd/surefire-test-report-3.0.xsd" version="3.0" name="runner.TestRunner" time="1.499" tests="1" errors="0" skipped="0" failures="0">
  <properties>
[...]
</properties>
  <testcase name="User validates main header" classname="User update" time="0.455">
    <system-out><![CDATA[Executed before background
[FATAL] 2025-07-31 17:11:50.686 [main] StepDefinition - Setup1 executed...
Before every step
[INFO ] 2025-07-31 17:11:50.695 [main] StepDefinition - before step executed
User is on the loginpage
Before every step
[INFO ] 2025-07-31 17:11:50.705 [main] StepDefinition - before step executed
User validates the login page header
Before every step
[INFO ] 2025-07-31 17:11:50.708 [main] StepDefinition - before step executed
User clicks on the submit button
[INFO ] 2025-07-31 17:11:50.710 [main] StepDefinition - clicks on submit
Before every step
[INFO ] 2025-07-31 17:11:50.711 [main] StepDefinition - before step executed
[INFO ] 2025-07-31 17:11:50.713 [main] StepDefinition - user validates main header
Executed after all scenarios
[INFO ] 2025-07-31 17:11:50.714 [main] StepDefinition - tear down method
]]></system-out>
  </testcase>
</testsuite>